0 info it worked if it ends with ok
1 verbose cli [ '/usr/local/bin/node', '/usr/local/bin/npm', 'start' ]
2 info using npm@1.3.15
3 info using node@v0.11.9
4 verbose run-script [ 'prestart', 'start', 'poststart' ]
5 info prestart node-bone@0.0.0
6 info start node-bone@0.0.0
7 verbose unsafe-perm in lifecycle true
8 info node-bone@0.0.0 Failed to exec start script
9 error node-bone@0.0.0 start: `node index.js`
9 error Exit status 1
10 error Failed at the node-bone@0.0.0 start script.
10 error This is most likely a problem with the node-bone package,
10 error not with npm itself.
10 error Tell the author that this fails on your system:
10 error     node index.js
10 error You can get their info via:
10 error     npm owner ls node-bone
10 error There is likely additional logging output above.
11 error System Linux 3.11.0-18-generic
12 error command "/usr/local/bin/node" "/usr/local/bin/npm" "start"
13 error cwd /home/neychang/projects/node-bone
14 error node -v v0.11.9
15 error npm -v 1.3.15
16 error code ELIFECYCLE
17 verbose exit [ 1, true ]
